Started on Dec 2, 2022, 2:47:18 AM
Started by event from 140.82.115.103 ⇒ http://3.111.37.21:8080/github-webhook/ on Fri Dec 02 02:47:18 UTC 2022
Using strategy: Default
[poll] Last Built Revision: Revision 4bc16f8e76ae45fb592f635eebe667d3be5f0993 (refs/remotes/origin/master)
Selected Git installation does not exist. Using Default
The recommended git tool is: NONE
No credentials specified
 > git --version # timeout=10
 > git --version # 'git version 2.34.1'
 > git ls-remote -h -- https://github.com/123krishna456/hello-world-war.git # timeout=10
Found 2 remote heads on https://github.com/123krishna456/hello-world-war.git
[poll] Latest remote head revision on refs/heads/master is: 9ab4738e1cc50747485cf8a1cdedb33ab1149016
Using strategy: Default
[poll] Last Built Revision: Revision 4bc16f8e76ae45fb592f635eebe667d3be5f0993 (refs/remotes/origin/master)
Selected Git installation does not exist. Using Default
The recommended git tool is: NONE
No credentials specified
 > git --version # timeout=10
 > git --version # 'git version 2.34.1'
 > git ls-remote -h -- https://github.com/123krishna456/hello-world-war.git # timeout=10
Found 2 remote heads on https://github.com/123krishna456/hello-world-war.git
[poll] Latest remote head revision on refs/heads/master is: 9ab4738e1cc50747485cf8a1cdedb33ab1149016
Done. Took 1.1 sec
Changes found
