Started on Dec 2, 2022, 4:02:56 PM
Started by event from 140.82.115.111 ⇒ http://52.66.240.105:8080/github-webhook/ on Fri Dec 02 16:02:55 UTC 2022
Using strategy: Default
[poll] Last Built Revision: Revision 2e16f6a05c92e91293b80e4b862126bffd123057 (refs/remotes/origin/master)
Selected Git installation does not exist. Using Default
The recommended git tool is: NONE
using credential jenkinworker4
 > git --version # timeout=10
 > git --version # 'git version 2.34.1'
using GIT_ASKPASS to set credentials worker4 for jenkin
 > git ls-remote -h -- https://github.com/123krishna456/hello-world-war.git # timeout=10
Found 2 remote heads on https://github.com/123krishna456/hello-world-war.git
[poll] Latest remote head revision on refs/heads/master is: 6110a6e5fa860169b7625ee820cec164506b942b
Using strategy: Default
[poll] Last Built Revision: Revision 2e16f6a05c92e91293b80e4b862126bffd123057 (refs/remotes/origin/master)
Selected Git installation does not exist. Using Default
The recommended git tool is: NONE
using credential jenkinworker4
 > git --version # timeout=10
 > git --version # 'git version 2.34.1'
using GIT_ASKPASS to set credentials worker4 for jenkin
 > git ls-remote -h -- https://github.com/123krishna456/hello-world-war.git # timeout=10
Found 2 remote heads on https://github.com/123krishna456/hello-world-war.git
[poll] Latest remote head revision on refs/heads/master is: 6110a6e5fa860169b7625ee820cec164506b942b
Done. Took 1.1 sec
Changes found
