Started at Sat Dec 03 13:04:38 UTC 2022
Processing javaandmaveninstall
Offering javaandmaveninstall to Project Build Discarder
Processing job-javamaven
Offering job-javamaven to Project Build Discarder
Processing job-tomcat
Offering job-tomcat to Project Build Discarder
Processing job3
Offering job3 to Project Build Discarder
Processing palindromejob
Offering palindromejob to Project Build Discarder
Processing pipeline1
Offering pipeline1 to Project Build Discarder
Processing pipeline2
Offering pipeline2 to Project Build Discarder
Processing pipeline4
Offering pipeline4 to Project Build Discarder
Processing pipelinedeclar1
Offering pipelinedeclar1 to Project Build Discarder
Processing pipelinedeclar2
Offering pipelinedeclar2 to Project Build Discarder
Processing privaterepojob
Offering privaterepojob to Project Build Discarder
Processing test/master
Offering test/master to Project Build Discarder
Processing test/newtest
Offering test/newtest to Project Build Discarder
Finished at Sat Dec 03 13:04:38 UTC 2022. 7ms
