Started on Dec 2, 2022, 2:48:55 AM
Started by event from 140.82.115.152 ⇒ http://3.111.37.21:8080/github-webhook/ on Fri Dec 02 02:48:55 UTC 2022
Using strategy: Default
[poll] Last Built Revision: Revision 9ab4738e1cc50747485cf8a1cdedb33ab1149016 (refs/remotes/origin/master)
Selected Git installation does not exist. Using Default
The recommended git tool is: NONE
No credentials specified
 > git --version # timeout=10
 > git --version # 'git version 2.34.1'
 > git ls-remote -h -- https://github.com/123krishna456/hello-world-war.git # timeout=10
Found 2 remote heads on https://github.com/123krishna456/hello-world-war.git
[poll] Latest remote head revision on refs/heads/master is: f92f9b90306a1ddd5dd01af0fcf65e2115fe2a1f
Using strategy: Default
[poll] Last Built Revision: Revision 9ab4738e1cc50747485cf8a1cdedb33ab1149016 (refs/remotes/origin/master)
Selected Git installation does not exist. Using Default
The recommended git tool is: NONE
No credentials specified
 > git --version # timeout=10
 > git --version # 'git version 2.34.1'
 > git ls-remote -h -- https://github.com/123krishna456/hello-world-war.git # timeout=10
Found 2 remote heads on https://github.com/123krishna456/hello-world-war.git
[poll] Latest remote head revision on refs/heads/master is: f92f9b90306a1ddd5dd01af0fcf65e2115fe2a1f
Done. Took 1.1 sec
Changes found
