Started on Dec 2, 2022, 2:02:37 AM
Started by event from 140.82.115.80 ⇒ http://3.111.37.21:8080/github-webhook/ on Fri Dec 02 02:02:37 UTC 2022
Using strategy: Default
[poll] Last Built Revision: Revision 6efefa0da42c5ffe8272c80d9e4f2f86f7381059 (refs/remotes/origin/master)
Selected Git installation does not exist. Using Default
The recommended git tool is: NONE
No credentials specified
 > git --version # timeout=10
 > git --version # 'git version 2.34.1'
 > git ls-remote -h -- https://github.com/123krishna456/hello-world-war.git # timeout=10
Found 1 remote heads on https://github.com/123krishna456/hello-world-war.git
[poll] Latest remote head revision on refs/heads/master is: 4670282e6f03127e2a434e77fc8a847815c4f71f
Using strategy: Default
[poll] Last Built Revision: Revision 6efefa0da42c5ffe8272c80d9e4f2f86f7381059 (refs/remotes/origin/master)
Selected Git installation does not exist. Using Default
The recommended git tool is: NONE
No credentials specified
 > git --version # timeout=10
 > git --version # 'git version 2.34.1'
 > git ls-remote -h -- https://github.com/123krishna456/hello-world-war.git # timeout=10
Found 1 remote heads on https://github.com/123krishna456/hello-world-war.git
[poll] Latest remote head revision on refs/heads/master is: 4670282e6f03127e2a434e77fc8a847815c4f71f
Done. Took 1.1 sec
Changes found
